TN:
SF:dist/scripts/auth.js
FN:6,(anonymous_0)
FN:11,getUsers
FN:24,saveUser
FN:27,(anonymous_3)
FN:30,(anonymous_4)
FN:48,validateCredentials
FN:50,(anonymous_6)
FN:58,validatePasswords
FN:80,isUsernameAvailable
FN:82,(anonymous_9)
FN:90,setUserSession
FN:103,checkExistingSession
FN:133,handleLogin
FN:165,handleRegistration
FN:206,initializeEventListeners
FNF:15
FNH:9
FNDA:1,(anonymous_0)
FNDA:5,getUsers
FNDA:1,saveUser
FNDA:0,(anonymous_3)
FNDA:0,(anonymous_4)
FNDA:2,validateCredentials
FNDA:2,(anonymous_6)
FNDA:0,validatePasswords
FNDA:2,isUsernameAvailable
FNDA:2,(anonymous_9)
FNDA:1,setUserSession
FNDA:1,checkExistingSession
FNDA:0,handleLogin
FNDA:0,handleRegistration
FNDA:0,initializeEventListeners
DA:6,1
DA:12,5
DA:25,1
DA:26,1
DA:27,0
DA:29,1
DA:30,0
DA:33,1
DA:34,0
DA:36,1
DA:37,1
DA:39,1
DA:49,2
DA:50,2
DA:51,2
DA:59,0
DA:60,0
DA:62,0
DA:63,0
DA:64,0
DA:67,0
DA:68,0
DA:69,0
DA:72,0
DA:81,2
DA:82,2
DA:91,1
DA:96,1
DA:104,1
DA:105,1
DA:106,1
DA:111,1
DA:114,1
DA:115,1
DA:116,1
DA:119,1
DA:120,0
DA:122,1
DA:123,1
DA:124,0
DA:134,0
DA:136,0
DA:137,0
DA:139,0
DA:140,0
DA:141,0
DA:144,0
DA:146,0
DA:147,0
DA:148,0
DA:149,0
DA:150,0
DA:152,0
DA:155,0
DA:156,0
DA:166,0
DA:168,0
DA:169,0
DA:170,0
DA:172,0
DA:173,0
DA:174,0
DA:177,0
DA:178,0
DA:181,0
DA:182,0
DA:183,0
DA:186,0
DA:193,0
DA:194,0
DA:195,0
DA:196,0
DA:198,0
DA:207,0
DA:208,0
DA:214,0
DA:218,1
DA:221,1
DA:222,1
LF:79
LH:29
BRDA:12,0,0,5
BRDA:12,0,1,1
BRDA:33,1,0,0
BRDA:33,1,1,1
BRDA:33,2,0,1
BRDA:33,2,1,1
BRDA:51,3,0,1
BRDA:51,3,1,1
BRDA:51,4,0,2
BRDA:51,4,1,2
BRDA:62,5,0,0
BRDA:62,5,1,0
BRDA:67,6,0,0
BRDA:67,6,1,0
BRDA:67,7,0,0
BRDA:67,7,1,0
BRDA:105,8,0,1
BRDA:105,8,1,0
BRDA:105,9,0,1
BRDA:105,9,1,1
BRDA:119,10,0,0
BRDA:119,10,1,1
BRDA:123,11,0,0
BRDA:123,11,1,1
BRDA:139,12,0,0
BRDA:139,12,1,0
BRDA:139,13,0,0
BRDA:139,13,1,0
BRDA:146,14,0,0
BRDA:146,14,1,0
BRDA:172,15,0,0
BRDA:172,15,1,0
BRDA:172,16,0,0
BRDA:172,16,1,0
BRDA:172,16,2,0
BRDA:177,17,0,0
BRDA:177,17,1,0
BRDA:181,18,0,0
BRDA:181,18,1,0
BRDA:207,19,0,0
BRDA:207,19,1,0
BRDA:210,20,0,0
BRDA:210,20,1,0
BRDA:221,21,0,1
BRDA:221,21,1,0
BRDA:221,22,0,1
BRDA:221,22,1,1
BRF:47
BRH:17
end_of_record
TN:
SF:dist/scripts/forgot_password.js
FN:7,(anonymous_0)
FN:12,getUsers
FN:20,generateResetToken
FN:32,sendPasswordResetEmail
FN:35,(anonymous_4)
FN:50,(anonymous_5)
FN:72,(anonymous_6)
FN:77,(anonymous_7)
FN:91,initializeForgotPasswordPage
FN:95,(anonymous_9)
FN:120,checkAndInitializeForgotPassword
FNF:11
FNH:7
FNDA:2,(anonymous_0)
FNDA:3,getUsers
FNDA:2,generateResetToken
FNDA:3,sendPasswordResetEmail
FNDA:3,(anonymous_4)
FNDA:2,(anonymous_5)
FNDA:0,(anonymous_6)
FNDA:0,(anonymous_7)
FNDA:0,initializeForgotPasswordPage
FNDA:0,(anonymous_9)
FNDA:2,checkAndInitializeForgotPassword
DA:7,2
DA:13,3
DA:21,2
DA:33,3
DA:34,3
DA:35,3
DA:37,3
DA:38,1
DA:39,1
DA:43,2
DA:44,2
DA:50,2
DA:51,2
DA:53,2
DA:56,2
DA:60,2
DA:62,2
DA:70,2
DA:74,0
DA:79,0
DA:83,2
DA:92,0
DA:94,0
DA:95,0
DA:96,0
DA:98,0
DA:99,0
DA:101,0
DA:102,0
DA:103,0
DA:107,0
DA:110,0
DA:121,2
DA:122,1
DA:127,2
DA:135,2
DA:136,2
LF:37
LH:24
BRDA:13,0,0,3
BRDA:13,0,1,0
BRDA:35,1,0,3
BRDA:35,1,1,1
BRDA:37,2,0,1
BRDA:37,2,1,2
BRDA:51,3,0,2
BRDA:51,3,1,0
BRDA:51,4,0,2
BRDA:51,4,1,0
BRDA:94,5,0,0
BRDA:94,5,1,0
BRDA:101,6,0,0
BRDA:101,6,1,0
BRDA:121,7,0,1
BRDA:121,7,1,1
BRDA:135,8,0,2
BRDA:135,8,1,0
BRDA:135,9,0,2
BRDA:135,9,1,2
BRF:20
BRH:12
end_of_record
TN:
SF:dist/scripts/home_page.js
FN:7,getUserTransactions
FN:22,(anonymous_1)
FN:28,updateLocalStorage
FN:42,(anonymous_3)
FN:73,addTransaction
FN:88,(anonymous_5)
FN:117,generateID
FN:122,addTransactionDOM
FN:142,(anonymous_8)
FN:154,removeTransaction
FN:156,(anonymous_10)
FN:164,updateValues
FN:166,(anonymous_12)
FN:170,(anonymous_13)
FN:188,checkBudgetLimit
FN:201,(anonymous_15)
FN:217,updateUI
FNF:17
FNH:14
FNDA:1,getUserTransactions
FNDA:0,(anonymous_1)
FNDA:4,updateLocalStorage
FNDA:4,(anonymous_3)
FNDA:3,addTransaction
FNDA:8,(anonymous_5)
FNDA:3,generateID
FNDA:3,addTransactionDOM
FNDA:0,(anonymous_8)
FNDA:1,removeTransaction
FNDA:1,(anonymous_10)
FNDA:10,updateValues
FNDA:6,(anonymous_12)
FNDA:6,(anonymous_13)
FNDA:5,checkBudgetLimit
FNDA:0,(anonymous_15)
FNDA:5,updateUI
DA:1,1
DA:2,1
DA:3,1
DA:4,1
DA:5,1
DA:9,1
DA:11,1
DA:14,1
DA:18,0
DA:21,0
DA:22,0
DA:25,0
DA:30,4
DA:32,4
DA:33,0
DA:34,0
DA:38,4
DA:41,4
DA:42,4
DA:45,4
DA:47,4
DA:50,4
DA:55,1
DA:59,1
DA:60,1
DA:70,1
DA:74,3
DA:76,3
DA:77,3
DA:78,3
DA:81,3
DA:84,3
DA:87,3
DA:88,8
DA:90,3
DA:93,3
DA:94,0
DA:95,0
DA:98,3
DA:107,3
DA:108,3
DA:109,3
DA:110,3
DA:113,3
DA:118,3
DA:123,3
DA:124,3
DA:127,3
DA:130,3
DA:131,3
DA:134,3
DA:135,3
DA:136,3
DA:139,3
DA:140,3
DA:141,3
DA:142,3
DA:145,3
DA:146,3
DA:147,3
DA:150,3
DA:155,1
DA:156,1
DA:158,1
DA:159,1
DA:160,1
DA:166,10
DA:167,6
DA:170,10
DA:173,10
DA:176,10
DA:177,6
DA:178,6
DA:180,4
DA:181,4
DA:184,10
DA:189,5
DA:190,5
DA:192,5
DA:193,0
DA:195,5
DA:200,1
DA:202,0
DA:203,0
DA:204,0
DA:205,0
DA:206,0
DA:207,0
DA:218,5
DA:219,5
DA:220,5
DA:224,1
DA:227,1
DA:228,1
DA:230,1
DA:231,1
LF:96
LH:81
BRDA:11,0,0,1
BRDA:11,0,1,0
BRDA:11,1,0,1
BRDA:11,1,1,0
BRDA:18,2,0,0
BRDA:18,2,1,0
BRDA:25,3,0,0
BRDA:25,3,1,0
BRDA:25,4,0,0
BRDA:25,4,1,0
BRDA:32,5,0,0
BRDA:32,5,1,4
BRDA:32,6,0,4
BRDA:32,6,1,4
BRDA:38,7,0,4
BRDA:38,7,1,0
BRDA:45,8,0,4
BRDA:45,8,1,0
BRDA:59,9,0,1
BRDA:59,9,1,1
BRDA:70,10,0,1
BRDA:70,10,1,0
BRDA:90,11,0,3
BRDA:90,11,1,0
BRDA:93,12,0,0
BRDA:93,12,1,3
BRDA:93,13,0,3
BRDA:93,13,1,3
BRDA:110,14,0,3
BRDA:110,14,1,0
BRDA:123,15,0,2
BRDA:123,15,1,1
BRDA:127,16,0,2
BRDA:127,16,1,1
BRDA:150,17,0,3
BRDA:150,17,1,0
BRDA:167,18,0,4
BRDA:167,18,1,2
BRDA:173,19,0,10
BRDA:173,19,1,0
BRDA:176,20,0,6
BRDA:176,20,1,4
BRDA:177,21,0,6
BRDA:177,21,1,0
BRDA:178,22,0,6
BRDA:178,22,1,0
BRDA:180,23,0,4
BRDA:180,23,1,0
BRDA:181,24,0,4
BRDA:181,24,1,0
BRDA:192,25,0,0
BRDA:192,25,1,5
BRDA:192,26,0,5
BRDA:192,26,1,0
BRDA:193,27,0,0
BRDA:193,27,1,0
BRDA:195,28,0,5
BRDA:195,28,1,0
BRDA:200,29,0,1
BRDA:200,29,1,0
BRDA:203,30,0,0
BRDA:203,30,1,0
BRDA:218,31,0,5
BRDA:218,31,1,0
BRDA:224,32,0,1
BRDA:224,32,1,0
BRDA:230,33,0,1
BRDA:230,33,1,0
BRDA:230,34,0,1
BRDA:230,34,1,1
BRF:70
BRH:38
end_of_record
TN:
SF:dist/scripts/reset_password.js
FN:6,(anonymous_0)
FN:11,getUsers
FN:21,validatePasswords
FN:42,handlePasswordReset
FN:51,(anonymous_4)
FN:78,initializeResetPasswordPage
FN:82,(anonymous_6)
FNF:7
FNH:5
FNDA:2,(anonymous_0)
FNDA:3,getUsers
FNDA:5,validatePasswords
FNDA:5,handlePasswordReset
FNDA:3,(anonymous_4)
FNDA:0,initializeResetPasswordPage
FNDA:0,(anonymous_6)
DA:6,2
DA:12,3
DA:22,5
DA:23,1
DA:24,1
DA:27,4
DA:28,1
DA:29,1
DA:32,3
DA:44,5
DA:45,2
DA:49,3
DA:50,3
DA:52,3
DA:57,3
DA:58,1
DA:59,1
DA:63,2
DA:64,2
DA:67,2
DA:69,2
DA:70,2
DA:79,0
DA:81,0
DA:82,0
DA:83,0
DA:86,0
DA:87,0
DA:89,0
DA:90,0
DA:91,0
DA:95,0
DA:98,0
DA:99,0
DA:102,0
DA:108,0
DA:110,0
DA:117,2
DA:124,2
DA:125,2
LF:40
LH:25
BRDA:12,0,0,3
BRDA:12,0,1,0
BRDA:22,1,0,1
BRDA:22,1,1,4
BRDA:27,2,0,1
BRDA:27,2,1,3
BRDA:44,3,0,2
BRDA:44,3,1,3
BRDA:52,4,0,3
BRDA:52,4,1,2
BRDA:52,4,2,2
BRDA:57,5,0,1
BRDA:57,5,1,2
BRDA:81,6,0,0
BRDA:81,6,1,0
BRDA:89,7,0,0
BRDA:89,7,1,0
BRDA:108,8,0,0
BRDA:108,8,1,0
BRDA:124,9,0,2
BRDA:124,9,1,0
BRDA:124,10,0,2
BRDA:124,10,1,2
BRF:23
BRH:15
end_of_record
